Build started 05/03/2012 14:13:33.
     1>Project "H:\tr-robot-football\Robot Football\RobotFootball\StrategyTestBench\StrategyTestBench.vcxproj" on node 2 (build target(s)).
     1>InitializeBuildStatus:
         Touching "Debug\StrategyTestBench.unsuccessfulbuild".
       ClCompile:
         All outputs are up-to-date.
         c:\Program Files\Microsoft Visual Studio 10.0\VC\bin\CL.exe /c /ZI /nologo /W3 /WX- /Od /Oy- /D WIN32 /D _DEBUG /D _CONSOLE /D _UNICODE /D UNICODE /Gm /EHsc /RTC1 /MDd /GS /fp:precise /Zc:wchar_t /Zc:forScope /Yu"StdAfx.h" /Fp"Debug\StrategyTestBench.pch" /Fo"Debug\\" /Fd"Debug\vc100.pdb" /Gd /TP /analyze- /errorReport:prompt ..\SquareStrategy\MotionController.cpp ..\SquareStrategy\PathController.cpp StrategyTestBench.cpp
         StrategyTestBench.cpp
     1>h:\tr-robot-football\robot football\robotfootball\strategytestbench\strategytestbench.cpp(90): error C3861: 'Sleep': identifier not found
         PathController.cpp
         Generating Code...
         Compiling...
         MotionController.cpp
         Generating Code...
     1>Done Building Project "H:\tr-robot-football\Robot Football\RobotFootball\StrategyTestBench\StrategyTestBench.vcxproj" (build target(s)) -- FAILED.

Build FAILED.

Time Elapsed 00:00:26.26
