Build started 24/02/2012 15:18:13.
     1>Project "H:\tr-robot-football\Robot Football\RobotFootball\NativeTestBed\NativeTestBed.vcxproj" on node 3 (build target(s)).
     1>InitializeBuildStatus:
         Touching "Release\NativeTestBed.unsuccessfulbuild".
       ClCompile:
         All outputs are up-to-date.
         c:\Program Files\Microsoft Visual Studio 10.0\VC\bin\CL.exe /c /Zi /nologo /W3 /WX- /O2 /Oi /Oy- /GL /D WIN32 /D NDEBUG /D _CONSOLE /D _UNICODE /D UNICODE /Gm- /EHsc /MD /GS /Gy /fp:precise /Zc:wchar_t /Zc:forScope /Yu"StdAfx.h" /Fp"Release\NativeTestBed.pch" /Fo"Release\\" /Fd"Release\vc100.pdb" /Gd /TP /analyze- /errorReport:prompt NativeTestBed.cpp
         NativeTestBed.cpp
     1>NativeTestBed.cpp(5): fatal error C1083: Cannot open include file: 'MotionPrediction.h': No such file or directory
     1>Done Building Project "H:\tr-robot-football\Robot Football\RobotFootball\NativeTestBed\NativeTestBed.vcxproj" (build target(s)) -- FAILED.

Build FAILED.

Time Elapsed 00:00:00.54
